mode: atomic
fizz-buzz-gin/pkg/business/fizzbuzz.go:17.96,19.28 1 11
fizz-buzz-gin/pkg/business/fizzbuzz.go:19.28,21.3 1 2
fizz-buzz-gin/pkg/business/fizzbuzz.go:24.2,24.15 1 9
fizz-buzz-gin/pkg/business/fizzbuzz.go:24.15,26.3 1 2
fizz-buzz-gin/pkg/business/fizzbuzz.go:29.2,31.29 2 7
fizz-buzz-gin/pkg/business/fizzbuzz.go:31.29,34.23 1 52
fizz-buzz-gin/pkg/business/fizzbuzz.go:34.23,36.4 1 2
fizz-buzz-gin/pkg/business/fizzbuzz.go:38.3,42.39 4 50
fizz-buzz-gin/pkg/business/fizzbuzz.go:42.39,44.4 1 22
fizz-buzz-gin/pkg/business/fizzbuzz.go:44.9,44.28 1 28
fizz-buzz-gin/pkg/business/fizzbuzz.go:44.28,46.4 1 8
fizz-buzz-gin/pkg/business/fizzbuzz.go:46.9,46.28 1 20
fizz-buzz-gin/pkg/business/fizzbuzz.go:46.28,48.4 1 4
fizz-buzz-gin/pkg/business/fizzbuzz.go:48.9,50.4 1 16
fizz-buzz-gin/pkg/business/fizzbuzz.go:53.2,53.20 1 5
fizz-buzz-gin/pkg/business/fizzbuzz.go:56.97,58.28 1 11
fizz-buzz-gin/pkg/business/fizzbuzz.go:58.28,60.3 1 2
fizz-buzz-gin/pkg/business/fizzbuzz.go:63.2,63.15 1 9
fizz-buzz-gin/pkg/business/fizzbuzz.go:63.15,65.3 1 2
fizz-buzz-gin/pkg/business/fizzbuzz.go:68.2,70.29 2 7
fizz-buzz-gin/pkg/business/fizzbuzz.go:70.29,73.23 1 52
fizz-buzz-gin/pkg/business/fizzbuzz.go:73.23,75.4 1 2
fizz-buzz-gin/pkg/business/fizzbuzz.go:77.3,81.39 4 50
fizz-buzz-gin/pkg/business/fizzbuzz.go:81.39,83.4 1 22
fizz-buzz-gin/pkg/business/fizzbuzz.go:83.9,83.28 1 28
fizz-buzz-gin/pkg/business/fizzbuzz.go:83.28,85.4 1 8
fizz-buzz-gin/pkg/business/fizzbuzz.go:85.9,85.28 1 20
fizz-buzz-gin/pkg/business/fizzbuzz.go:85.28,87.4 1 4
fizz-buzz-gin/pkg/business/fizzbuzz.go:87.9,89.4 1 16
fizz-buzz-gin/pkg/business/fizzbuzz.go:92.2,92.20 1 5
fizz-buzz-gin/pkg/server/handlers.go:21.61,22.30 1 16
fizz-buzz-gin/pkg/server/handlers.go:22.30,29.27 4 15
fizz-buzz-gin/pkg/server/handlers.go:29.27,32.4 2 1
fizz-buzz-gin/pkg/server/handlers.go:35.3,36.17 2 14
fizz-buzz-gin/pkg/server/handlers.go:36.17,39.4 2 2
fizz-buzz-gin/pkg/server/handlers.go:42.3,43.27 2 12
fizz-buzz-gin/pkg/server/handlers.go:43.27,46.4 2 1
fizz-buzz-gin/pkg/server/handlers.go:49.3,50.17 2 11
fizz-buzz-gin/pkg/server/handlers.go:50.17,53.4 2 2
fizz-buzz-gin/pkg/server/handlers.go:56.3,57.28 2 9
fizz-buzz-gin/pkg/server/handlers.go:57.28,60.4 2 1
fizz-buzz-gin/pkg/server/handlers.go:63.3,64.17 2 8
fizz-buzz-gin/pkg/server/handlers.go:64.17,67.4 2 2
fizz-buzz-gin/pkg/server/handlers.go:70.3,75.17 4 6
fizz-buzz-gin/pkg/server/handlers.go:75.17,76.98 1 5
fizz-buzz-gin/pkg/server/handlers.go:76.98,78.5 1 4
fizz-buzz-gin/pkg/server/handlers.go:80.4,80.33 1 5
fizz-buzz-gin/pkg/server/handlers.go:80.33,82.5 1 1
fizz-buzz-gin/pkg/server/handlers.go:84.4,84.10 1 5
fizz-buzz-gin/pkg/server/handlers.go:88.3,88.22 1 1
fizz-buzz-gin/pkg/server/helpers.go:12.64,14.22 2 14
fizz-buzz-gin/pkg/server/helpers.go:14.22,16.3 1 14
fizz-buzz-gin/pkg/server/helpers.go:17.2,17.11 1 14
fizz-buzz-gin/pkg/server/server.go:10.51,25.38 6 16
fizz-buzz-gin/pkg/server/server.go:25.38,29.3 1 1
fizz-buzz-gin/pkg/server/server.go:32.2,33.2 2 16
fizz-buzz-gin/pkg/server/server.go:33.2,35.3 1 16
fizz-buzz-gin/pkg/server/server.go:37.2,37.10 1 16
